app/build/intermediates/manifest_merge_blame_file/debug/manifest-merger-blame-debug-report.txt
1<?xml version="1.0" encoding="utf-8"?>
2<manifest xmlns:android="http://schemas.android.com/apk/res/android"
3    package="com.example.sanhaijing"
4    android:versionCode="1"
5    android:versionName="1.0" >
6
7    <uses-sdk
8        android:minSdkVersion="28"
8-->src\main\AndroidManifest.xml
9        android:targetSdkVersion="34" />
9-->src\main\AndroidManifest.xml
10
11    <uses-permission android:name="android.permission.INTERNET" />
11-->src\main\AndroidManifest.xml:5:5-67
11-->src\main\AndroidManifest.xml:5:22-64
12    <uses-permission android:name="android.permission.WRITE_CALENDAR" />
12-->src\main\AndroidManifest.xml:6:5-73
12-->src\main\AndroidManifest.xml:6:22-70
13    <uses-permission
13-->src\main\AndroidManifest.xml:7:5-9:38
14        android:name="android.permission.WRITE_EXTERNAL_STORAGE"
14-->src\main\AndroidManifest.xml:8:9-65
15        android:maxSdkVersion="28" />
15-->src\main\AndroidManifest.xml:9:9-35
16
17    <permission
17-->[androidx.core:core:1.9.0] AndroidManifest.xml:22:5-24:47
18        android:name="com.example.sanhaijing.DYNAMIC_RECEIVER_NOT_EXPORTED_PERMISSION"
18-->[androidx.core:core:1.9.0] AndroidManifest.xml:23:9-81
19        android:protectionLevel="signature" />
19-->[androidx.core:core:1.9.0] AndroidManifest.xml:24:9-44
20
21    <uses-permission android:name="com.example.sanhaijing.DYNAMIC_RECEIVER_NOT_EXPORTED_PERMISSION" />
21-->[androidx.core:core:1.9.0] AndroidManifest.xml:26:5-97
21-->[androidx.core:core:1.9.0] AndroidManifest.xml:26:22-94
22
23    <application
23-->src\main\AndroidManifest.xml:11:5-78:19
24        android:allowBackup="true"
24-->src\main\AndroidManifest.xml:12:9-35
25        android:appComponentFactory="androidx.core.app.CoreComponentFactory"
25-->[androidx.core:core:1.9.0] AndroidManifest.xml:28:18-86
26        android:dataExtractionRules="@xml/data_extraction_rules"
26-->src\main\AndroidManifest.xml:13:9-65
27        android:debuggable="true"
28        android:extractNativeLibs="false"
29        android:fullBackupContent="@xml/backup_rules"
29-->src\main\AndroidManifest.xml:14:9-54
30        android:icon="@mipmap/ic_launcher"
30-->src\main\AndroidManifest.xml:15:9-43
31        android:label="@string/app_name"
31-->src\main\AndroidManifest.xml:16:9-41
32        android:roundIcon="@mipmap/ic_launcher_round"
32-->src\main\AndroidManifest.xml:17:9-54
33        android:supportsRtl="true"
33-->src\main\AndroidManifest.xml:18:9-35
34        android:testOnly="true"
35        android:theme="@style/Theme.Sanhaijing" >
35-->src\main\AndroidManifest.xml:19:9-48
36        <activity
36-->src\main\AndroidManifest.xml:21:9-28:20
37            android:name="com.example.sanhaijing.LoginActivity"
37-->src\main\AndroidManifest.xml:22:13-42
38            android:exported="true" >
38-->src\main\AndroidManifest.xml:23:13-36
39            <intent-filter>
39-->src\main\AndroidManifest.xml:24:13-27:29
40                <action android:name="android.intent.action.MAIN" />
40-->src\main\AndroidManifest.xml:25:17-69
40-->src\main\AndroidManifest.xml:25:25-66
41
42                <category android:name="android.intent.category.LAUNCHER" />
42-->src\main\AndroidManifest.xml:26:17-77
42-->src\main\AndroidManifest.xml:26:27-74
43            </intent-filter>
44        </activity>
45        <activity
45-->src\main\AndroidManifest.xml:30:9-32:40
46            android:name="com.example.sanhaijing.RegisterActivity"
46-->src\main\AndroidManifest.xml:31:13-45
47            android:exported="false" />
47-->src\main\AndroidManifest.xml:32:13-37
48        <activity
48-->src\main\AndroidManifest.xml:34:9-36:40
49            android:name="com.example.sanhaijing.MainActivity"
49-->src\main\AndroidManifest.xml:35:13-41
50            android:exported="false" />
50-->src\main\AndroidManifest.xml:36:13-37
51        <activity
51-->src\main\AndroidManifest.xml:38:9-40:40
52            android:name="com.example.sanhaijing.StoryListActivity"
52-->src\main\AndroidManifest.xml:39:13-46
53            android:exported="false" />
53-->src\main\AndroidManifest.xml:40:13-37
54        <activity
54-->src\main\AndroidManifest.xml:42:9-45:58
55            android:name="com.example.sanhaijing.SearchActivity"
55-->src\main\AndroidManifest.xml:43:13-43
56            android:exported="false"
56-->src\main\AndroidManifest.xml:44:13-37
57            android:windowSoftInputMode="stateVisible" />
57-->src\main\AndroidManifest.xml:45:13-55
58        <activity
58-->src\main\AndroidManifest.xml:47:9-49:40
59            android:name="com.example.sanhaijing.StoryDetailActivity"
59-->src\main\AndroidManifest.xml:48:13-48
60            android:exported="false" />
60-->src\main\AndroidManifest.xml:49:13-37
61        <activity
61-->src\main\AndroidManifest.xml:51:9-53:40
62            android:name="com.example.sanhaijing.ProgressActivity"
62-->src\main\AndroidManifest.xml:52:13-45
63            android:exported="false" />
63-->src\main\AndroidManifest.xml:53:13-37
64        <activity
64-->src\main\AndroidManifest.xml:55:9-57:40
65            android:name="com.example.sanhaijing.FavoritesActivity"
65-->src\main\AndroidManifest.xml:56:13-46
66            android:exported="false" />
66-->src\main\AndroidManifest.xml:57:13-37
67        <activity
67-->src\main\AndroidManifest.xml:59:9-61:40
68            android:name="com.example.sanhaijing.HistoryActivity"
68-->src\main\AndroidManifest.xml:60:13-44
69            android:exported="false" />
69-->src\main\AndroidManifest.xml:61:13-37
70        <activity
70-->src\main\AndroidManifest.xml:63:9-65:40
71            android:name="com.example.sanhaijing.DrawingActivity"
71-->src\main\AndroidManifest.xml:64:13-44
72            android:exported="false" />
72-->src\main\AndroidManifest.xml:65:13-37
73        <activity
73-->src\main\AndroidManifest.xml:67:9-69:40
74            android:name="com.example.sanhaijing.KnowledgeDetailActivity"
74-->src\main\AndroidManifest.xml:68:13-52
75            android:exported="false" />
75-->src\main\AndroidManifest.xml:69:13-37
76        <activity
76-->src\main\AndroidManifest.xml:71:9-73:40
77            android:name="com.example.sanhaijing.FeedbackActivity"
77-->src\main\AndroidManifest.xml:72:13-45
78            android:exported="false" />
78-->src\main\AndroidManifest.xml:73:13-37
79        <activity
79-->src\main\AndroidManifest.xml:75:9-77:40
80            android:name="com.example.sanhaijing.FeedbackListActivity"
80-->src\main\AndroidManifest.xml:76:13-49
81            android:exported="false" />
81-->src\main\AndroidManifest.xml:77:13-37
82
83        <provider
83-->[androidx.emoji2:emoji2:1.2.0] AndroidManifest.xml:24:9-32:20
84            android:name="androidx.startup.InitializationProvider"
84-->[androidx.emoji2:emoji2:1.2.0] AndroidManifest.xml:25:13-67
85            android:authorities="com.example.sanhaijing.androidx-startup"
85-->[androidx.emoji2:emoji2:1.2.0] AndroidManifest.xml:26:13-68
86            android:exported="false" >
86-->[androidx.emoji2:emoji2:1.2.0] AndroidManifest.xml:27:13-37
87            <meta-data
87-->[androidx.emoji2:emoji2:1.2.0] AndroidManifest.xml:29:13-31:52
88                android:name="androidx.emoji2.text.EmojiCompatInitializer"
88-->[androidx.emoji2:emoji2:1.2.0] AndroidManifest.xml:30:17-75
89                android:value="androidx.startup" />
89-->[androidx.emoji2:emoji2:1.2.0] AndroidManifest.xml:31:17-49
90            <meta-data
90-->[androidx.lifecycle:lifecycle-process:2.4.1] AndroidManifest.xml:31:13-33:52
91                android:name="androidx.lifecycle.ProcessLifecycleInitializer"
91-->[androidx.lifecycle:lifecycle-process:2.4.1] AndroidManifest.xml:32:17-78
92                android:value="androidx.startup" />
92-->[androidx.lifecycle:lifecycle-process:2.4.1] AndroidManifest.xml:33:17-49
93        </provider>
94    </application>
95
96</manifest>